<?xml version="1.0" encoding="UTF-8"?>
<testsuite name="org.niis.xroad.oasvalidatorplugin.Oas3ValidatorTest" tests="4" skipped="0" failures="0" errors="0" timestamp="2024-03-22T17:45:55" hostname="vm-jammy-up-xroad" time="1.836">
  <properties/>
  <testcase name="validateApiSpecStyleFail" classname="org.niis.xroad.oasvalidatorplugin.Oas3ValidatorTest" time="1.662"/>
  <testcase name="validateApiSpecFail" classname="org.niis.xroad.oasvalidatorplugin.Oas3ValidatorTest" time="0.079"/>
  <testcase name="validateApiSpecNotFound" classname="org.niis.xroad.oasvalidatorplugin.Oas3ValidatorTest" time="0.005"/>
  <testcase name="validateApiSpecSuccess" classname="org.niis.xroad.oasvalidatorplugin.Oas3ValidatorTest" time="0.085"/>
  <system-out><![CDATA[
Validating API specification: /home/georgeoliveira/X-Road/src/buildSrc/src/test/resources/petstore-validation-style-fail.yaml
Validating API specification: /home/georgeoliveira/X-Road/src/buildSrc/src/test/resources/petstore-validation-style-fail.yaml -> FAILED

Validating API specification: /home/georgeoliveira/X-Road/src/buildSrc/src/test/resources/petstore-validation-fail.yaml
Validating API specification: /home/georgeoliveira/X-Road/src/buildSrc/src/test/resources/petstore-validation-fail.yaml -> FAILED

Validating API specification: /home/georgeoliveira/X-Road/src/buildSrc/src/test/resources/not-found.yaml

Validating API specification: /home/georgeoliveira/X-Road/src/buildSrc/src/test/resources/petstore-validation-success.yaml
Validating API specification: /home/georgeoliveira/X-Road/src/buildSrc/src/test/resources/petstore-validation-success.yaml -> SUCCESS
]]></system-out>
  <system-err><![CDATA[--- Style validation errors ---

*ERROR* in path GET /pets/{petId} 'petId' -> parameter should be in underscore_case
--- Specification validation errors ---

Validation error(s) :
paths./pets.get.responses.default.content.application/json.schema.required.required: Duplicated values in 'required'. (code: 101)
From: paths./pets.get.responses.default.content.application/json.schema.required.required
components.schemas.Error.required.required: Duplicated values in 'required'. (code: 101)
From: components.schemas.Error.required.required

]]></system-err>
</testsuite>
